<?xml version="1.0" encoding="UTF-8"?>
<!-- Generated by org.testng.reporters.JUnitReportReporter -->
<testsuite hostname="Niklaus" failures="0" tests="2" name="com.capstone.AadharCitizen" time="12.167" errors="0" timestamp="2022-10-14T10:47:41 IST" skipped="0">
  <testcase classname="com.capstone.AadharCitizen" name="CitizenCheck" time="10.204"/>
  <system-out/>
  <testcase classname="com.capstone.AadharCitizen" name="ChromeBrowser" time="1.963"/>
  <system-out/>
</testsuite> <!-- com.capstone.AadharCitizen -->
