<?xml version="1.0" encoding="UTF-8"?>
<!-- Generated by org.testng.reporters.JUnitReportReporter -->
<testsuite hostname="Niklaus" failures="0" tests="2" name="com.capstone.AadharRegister" time="8.928" errors="0" timestamp="2022-10-14T10:49:05 IST" skipped="0">
  <testcase classname="com.capstone.AadharRegister" name="TestHome" time="7.089"/>
  <system-out/>
  <testcase classname="com.capstone.AadharRegister" name="ChromeBrowser" time="1.839"/>
  <system-out/>
</testsuite> <!-- com.capstone.AadharRegister -->
