<?xml version="1.0" encoding="UTF-8"?>
<!-- Generated by org.testng.reporters.JUnitReportReporter -->
<testsuite hostname="Niklaus" failures="0" tests="2" name="com.capstone.AadharAdmin" time="15.229" errors="0" timestamp="2022-10-14T10:45:40 IST" skipped="0">
  <testcase classname="com.capstone.AadharAdmin" name="TestHome" time="13.177"/>
  <system-out/>
  <testcase classname="com.capstone.AadharAdmin" name="ChromeBrowser" time="2.052"/>
  <system-out/>
</testsuite> <!-- com.capstone.AadharAdmin -->
